<?xml version="1.0" encoding="UTF-8"?>
<!-- Generated by org.testng.reporters.JUnitReportReporter -->
<testsuite skipped="0" hostname="DESKTOP-1JGJS85" name="com.qa.tests.PostAPITest" tests="1" failures="0" timestamp="18 Nov 2019 17:29:42 GMT" time="1.678" errors="0">
  <testcase name="postAPITest" time="1.678" classname="com.qa.tests.PostAPITest"/>
</testsuite> <!-- com.qa.tests.PostAPITest -->
