<?xml version="1.0" encoding="UTF-8"?>
<!-- Generated by org.testng.reporters.JUnitReportReporter -->
<testsuite skipped="0" hostname="DESKTOP-1JGJS85" name="com.qa.tests.GetAPITest" tests="2" failures="0" timestamp="18 Nov 2019 17:22:49 GMT" time="1.330" errors="0">
  <testcase name="getAPITestWithoutHeaders" time="0.990" classname="com.qa.tests.GetAPITest"/>
  <testcase name="getAPITestWithHeaders" time="0.340" classname="com.qa.tests.GetAPITest"/>
</testsuite> <!-- com.qa.tests.GetAPITest -->
