<?xml version="1.0" encoding="UTF-8"?>
<!-- Generated by org.testng.reporters.JUnitReportReporter -->
<testsuite hostname="UE-B-NOTE-0052.local" name="apiTests.WorkflowTest" tests="2" failures="0" timestamp="6 Jan 2021 10:09:35 GMT" time="4.570" errors="0">
  <testcase name="validateUserName" time="2.098" classname="apiTests.WorkflowTest"/>
  <testcase name="validateUserPosts" time="2.472" classname="apiTests.WorkflowTest"/>
</testsuite> <!-- apiTests.WorkflowTest -->
