<?xml version="1.0" encoding="UTF-8"?>
<!-- Generated by org.testng.reporters.JUnitReportReporter -->
<testsuite hostname="UE-B-NOTE-0052.local" name="apiTests.UserTest" tests="1" failures="0" timestamp="6 Jan 2021 05:43:53 GMT" time="1.786" errors="0">
  <testcase name="validateUserName" time="1.786" classname="apiTests.UserTest"/>
</testsuite> <!-- apiTests.UserTest -->
