<?xml version="1.0" encoding="UTF-8"?>
<!-- Generated by org.testng.reporters.JUnitReportReporter -->
<testsuite hostname="UE-B-NOTE-0052.local" name="apiTests.UserTest" tests="1" failures="0" timestamp="5 Jan 2021 19:34:05 GMT" time="1.844" errors="0">
  <testcase name="validateUserName" time="1.844" classname="apiTests.UserTest"/>
</testsuite> <!-- apiTests.UserTest -->
