<?xml version="1.0" encoding="UTF-8"?>
<!-- Generated by org.testng.reporters.JUnitReportReporter -->
<testsuite hostname="UE-B-NOTE-0052.local" name="apiTests.WorkflowTest" tests="1" failures="0" timestamp="7 Jan 2021 16:50:25 GMT" time="21.785" errors="0">
  <testcase name="validateUserBlogDetails" time="21.785" classname="apiTests.WorkflowTest"/>
</testsuite> <!-- apiTests.WorkflowTest -->
