<?xml version="1.0" encoding="UTF-8"?>
<!-- Generated by org.testng.reporters.JUnitReportReporter -->
<testsuite hostname="UE-B-NOTE-0052.local" name="apiTests.WorkflowTest" tests="1" failures="0" timestamp="6 Jan 2021 17:50:01 GMT" time="3.672" errors="0">
  <testcase name="validateUserBlogDetails" time="3.672" classname="apiTests.WorkflowTest"/>
</testsuite> <!-- apiTests.WorkflowTest -->
