<?xml version="1.0" encoding="UTF-8"?>
<!-- Generated by org.testng.reporters.JUnitReportReporter -->
<testsuite hostname="UE-B-NOTE-0052.local" name="apiTests.WorkflowTest" tests="1" failures="0" timestamp="8 Jan 2021 07:44:09 GMT" time="18.220" errors="0">
  <testcase name="validateUserBlogDetails" time="18.220" classname="apiTests.WorkflowTest"/>
</testsuite> <!-- apiTests.WorkflowTest -->
